Analysis & Synthesis report for AHB2AHBtop
Wed May 29 09:57:37 2024
Quartus Prime Version 18.1.0 Build 625 09/12/2018 SJ Lite Edition


---------------------
; Table of Contents ;
---------------------
  1. Legal Notice
  2. Analysis & Synthesis Summary
  3. Analysis & Synthesis Settings
  4. Parallel Compilation
  5. Analysis & Synthesis Source Files Read
  6. Analysis & Synthesis Resource Usage Summary
  7. Analysis & Synthesis Resource Utilization by Entity
  8. Analysis & Synthesis RAM Summary
  9. State Machine - |AHB2AHBtop|ahbtop:U2|ahbslave:slave2|state
 10. State Machine - |AHB2AHBtop|ahbtop:U2|ahbslave:slave1|state
 11. State Machine - |AHB2AHBtop|ahbtop:U2|ahbmaster:master|state
 12. User-Specified and Inferred Latches
 13. Registers Removed During Synthesis
 14. Removed Registers Triggering Further Register Optimizations
 15. General Register Statistics
 16. Registers Added for RAM Pass-Through Logic
 17. Multiplexer Restructuring Statistics (Restructuring Performed)
 18. Source assignments for ahbtop:U2|ahbslave:slave1|altsyncram:mem_rtl_0|altsyncram_04g1:auto_generated
 19. Source assignments for ahbtop:U2|ahbslave:slave2|altsyncram:mem_rtl_0|altsyncram_04g1:auto_generated
 20. Parameter Settings for User Entity Instance: ahbtop:U2|ahbmaster:master
 21. Parameter Settings for Inferred Entity Instance: ahbtop:U2|ahbslave:slave1|altsyncram:mem_rtl_0
 22. Parameter Settings for Inferred Entity Instance: ahbtop:U2|ahbslave:slave2|altsyncram:mem_rtl_0
 23. altsyncram Parameter Settings by Entity Instance
 24. Port Connectivity Checks: "displaydecoder:U8"
 25. Port Connectivity Checks: "displaydecoder:U7"
 26. Port Connectivity Checks: "displaydecoder:U6"
 27. Port Connectivity Checks: "ahbtop:U2|ahbslave:slave2"
 28. Port Connectivity Checks: "ahbtop:U2|ahbslave:slave1"
 29. Port Connectivity Checks: "ahbtop:U2"
 30. Post-Synthesis Netlist Statistics for Top Partition
 31. Elapsed Time Per Partition
 32. Analysis & Synthesis Messages
 33. Analysis & Synthesis Suppressed Messages



----------------
; Legal Notice ;
----------------
Copyright (C) 2018  Intel Corporation. All rights reserved.
Your use of Intel Corporation's design tools, logic functions 
and other software and tools, and its AMPP partner logic 
functions, and any output files from any of the foregoing 
(including device programming or simulation files), and any 
associated documentation or information are expressly subject 
to the terms and conditions of the Intel Program License 
Subscription Agreement, the Intel Quartus Prime License Agreement,
the Intel FPGA IP License Agreement, or other applicable license
agreement, including, without limitation, that your use is for
the sole purpose of programming logic devices manufactured by
Intel and sold by Intel or its authorized distributors.  Please
refer to the applicable agreement for further details.



+----------------------------------------------------------------------------------+
; Analysis & Synthesis Summary                                                     ;
+------------------------------------+---------------------------------------------+
; Analysis & Synthesis Status        ; Successful - Wed May 29 09:57:37 2024       ;
; Quartus Prime Version              ; 18.1.0 Build 625 09/12/2018 SJ Lite Edition ;
; Revision Name                      ; AHB2AHBtop                                  ;
; Top-level Entity Name              ; AHB2AHBtop                                  ;
; Family                             ; MAX 10                                      ;
; Total logic elements               ; 172                                         ;
;     Total combinational functions  ; 111                                         ;
;     Dedicated logic registers      ; 120                                         ;
; Total registers                    ; 120                                         ;
; Total pins                         ; 55                                          ;
; Total virtual pins                 ; 0                                           ;
; Total memory bits                  ; 160                                         ;
; Embedded Multiplier 9-bit elements ; 0                                           ;
; Total PLLs                         ; 0                                           ;
; UFM blocks                         ; 0                                           ;
; ADC blocks                         ; 0                                           ;
+------------------------------------+---------------------------------------------+


+------------------------------------------------------------------------------------------------------------+
; Analysis & Synthesis Settings                                                                              ;
+------------------------------------------------------------------+--------------------+--------------------+
; Option                                                           ; Setting            ; Default Value      ;
+------------------------------------------------------------------+--------------------+--------------------+
; Device                                                           ; 10M50DAF484C7G     ;                    ;
; Top-level entity name                                            ; AHB2AHBtop         ; AHB2AHBtop         ;
; Family name                                                      ; MAX 10             ; Cyclone V          ;
; Use smart compilation                                            ; Off                ; Off                ;
; Enable parallel Assembler and Timing Analyzer during compilation ; On                 ; On                 ;
; Enable compact report table                                      ; Off                ; Off                ;
; Restructure Multiplexers                                         ; Auto               ; Auto               ;
; Create Debugging Nodes for IP Cores                              ; Off                ; Off                ;
; Preserve fewer node names                                        ; On                 ; On                 ;
; Intel FPGA IP Evaluation Mode                                    ; Enable             ; Enable             ;
; Verilog Version                                                  ; Verilog_2001       ; Verilog_2001       ;
; VHDL Version                                                     ; VHDL_1993          ; VHDL_1993          ;
; State Machine Processing                                         ; Auto               ; Auto               ;
; Safe State Machine                                               ; Off                ; Off                ;
; Extract Verilog State Machines                                   ; On                 ; On                 ;
; Extract VHDL State Machines                                      ; On                 ; On                 ;
; Ignore Verilog initial constructs                                ; Off                ; Off                ;
; Iteration limit for constant Verilog loops                       ; 5000               ; 5000               ;
; Iteration limit for non-constant Verilog loops                   ; 250                ; 250                ;
; Add Pass-Through Logic to Inferred RAMs                          ; On                 ; On                 ;
; Infer RAMs from Raw Logic                                        ; On                 ; On                 ;
; Parallel Synthesis                                               ; On                 ; On                 ;
; DSP Block Balancing                                              ; Auto               ; Auto               ;
; NOT Gate Push-Back                                               ; On                 ; On                 ;
; Power-Up Don't Care                                              ; On                 ; On                 ;
; Remove Redundant Logic Cells                                     ; Off                ; Off                ;
; Remove Duplicate Registers                                       ; On                 ; On                 ;
; Ignore CARRY Buffers                                             ; Off                ; Off                ;
; Ignore CASCADE Buffers                                           ; Off                ; Off                ;
; Ignore GLOBAL Buffers                                            ; Off                ; Off                ;
; Ignore ROW GLOBAL Buffers                                        ; Off                ; Off                ;
; Ignore LCELL Buffers                                             ; Off                ; Off                ;
; Ignore SOFT Buffers                                              ; On                 ; On                 ;
; Limit AHDL Integers to 32 Bits                                   ; Off                ; Off                ;
; Optimization Technique                                           ; Balanced           ; Balanced           ;
; Carry Chain Length                                               ; 70                 ; 70                 ;
; Auto Carry Chains                                                ; On                 ; On                 ;
; Auto Open-Drain Pins                                             ; On                 ; On                 ;
; Perform WYSIWYG Primitive Resynthesis                            ; Off                ; Off                ;
; Auto ROM Replacement                                             ; On                 ; On                 ;
; Auto RAM Replacement                                             ; On                 ; On                 ;
; Auto DSP Block Replacement                                       ; On                 ; On                 ;
; Auto Shift Register Replacement                                  ; Auto               ; Auto               ;
; Allow Shift Register Merging across Hierarchies                  ; Auto               ; Auto               ;
; Auto Clock Enable Replacement                                    ; On                 ; On                 ;
; Strict RAM Replacement                                           ; Off                ; Off                ;
; Allow Synchronous Control Signals                                ; On                 ; On                 ;
; Force Use of Synchronous Clear Signals                           ; Off                ; Off                ;
; Auto RAM Block Balancing                                         ; On                 ; On                 ;
; Auto RAM to Logic Cell Conversion                                ; Off                ; Off                ;
; Auto Resource Sharing                                            ; Off                ; Off                ;
; Allow Any RAM Size For Recognition                               ; Off                ; Off                ;
; Allow Any ROM Size For Recognition                               ; Off                ; Off                ;
; Allow Any Shift Register Size For Recognition                    ; Off                ; Off                ;
; Use LogicLock Constraints during Resource Balancing              ; On                 ; On                 ;
; Ignore translate_off and synthesis_off directives                ; Off                ; Off                ;
; Timing-Driven Synthesis                                          ; On                 ; On                 ;
; Report Parameter Settings                                        ; On                 ; On                 ;
; Report Source Assignments                                        ; On                 ; On                 ;
; Report Connectivity Checks                                       ; On                 ; On                 ;
; Ignore Maximum Fan-Out Assignments                               ; Off                ; Off                ;
; Synchronization Register Chain Length                            ; 2                  ; 2                  ;
; Power Optimization During Synthesis                              ; Normal compilation ; Normal compilation ;
; HDL message level                                                ; Level2             ; Level2             ;
; Suppress Register Optimization Related Messages                  ; Off                ; Off                ;
; Number of Removed Registers Reported in Synthesis Report         ; 5000               ; 5000               ;
; Number of Swept Nodes Reported in Synthesis Report               ; 5000               ; 5000               ;
; Number of Inverted Registers Reported in Synthesis Report        ; 100                ; 100                ;
; Clock MUX Protection                                             ; On                 ; On                 ;
; Auto Gated Clock Conversion                                      ; Off                ; Off                ;
; Block Design Naming                                              ; Auto               ; Auto               ;
; SDC constraint protection                                        ; Off                ; Off                ;
; Synthesis Effort                                                 ; Auto               ; Auto               ;
; Shift Register Replacement - Allow Asynchronous Clear Signal     ; On                 ; On                 ;
; Pre-Mapping Resynthesis Optimization                             ; Off                ; Off                ;
; Analysis & Synthesis Message Level                               ; Medium             ; Medium             ;
; Disable Register Merging Across Hierarchies                      ; Auto               ; Auto               ;
; Resource Aware Inference For Block RAM                           ; On                 ; On                 ;
+------------------------------------------------------------------+--------------------+--------------------+


+------------------------------------------+
; Parallel Compilation                     ;
+----------------------------+-------------+
; Processors                 ; Number      ;
+----------------------------+-------------+
; Number detected on machine ; 16          ;
; Maximum allowed            ; 10          ;
;                            ;             ;
; Average used               ; 1.00        ;
; Maximum used               ; 10          ;
;                            ;             ;
; Usage by Processor         ; % Time Used ;
;     Processor 1            ; 100.0%      ;
;     Processors 2-10        ;   0.0%      ;
+----------------------------+-------------+


+---------------------------------------------------------------------------------------------------------------------------------------------------------------------------------------------------+
; Analysis & Synthesis Source Files Read                                                                                                                                                            ;
+----------------------------------------+-----------------+------------------------------+-----------------------------------------------------------------------------------------------+---------+
; File Name with User-Entered Path       ; Used in Netlist ; File Type                    ; File Name with Absolute Path                                                                  ; Library ;
+----------------------------------------+-----------------+------------------------------+-----------------------------------------------------------------------------------------------+---------+
; instructiondecoder/instructionmemory.v ; yes             ; User Verilog HDL File        ; C:/Users/wi199/OneDrive/Documentos/quartus tfg/AHB2AHB/instructiondecoder/instructionmemory.v ;         ;
; instructiondecoder/idecoder.v          ; yes             ; User Verilog HDL File        ; C:/Users/wi199/OneDrive/Documentos/quartus tfg/AHB2AHB/instructiondecoder/idecoder.v          ;         ;
; display/displaydecoder.v               ; yes             ; User Verilog HDL File        ; C:/Users/wi199/OneDrive/Documentos/quartus tfg/AHB2AHB/display/displaydecoder.v               ;         ;
; ahb_top/multiplexor.v                  ; yes             ; User Verilog HDL File        ; C:/Users/wi199/OneDrive/Documentos/quartus tfg/AHB2AHB/ahb_top/multiplexor.v                  ;         ;
; ahb_top/decoder.v                      ; yes             ; User Verilog HDL File        ; C:/Users/wi199/OneDrive/Documentos/quartus tfg/AHB2AHB/ahb_top/decoder.v                      ;         ;
; ahb_top/ahbtop.v                       ; yes             ; User Verilog HDL File        ; C:/Users/wi199/OneDrive/Documentos/quartus tfg/AHB2AHB/ahb_top/ahbtop.v                       ;         ;
; ahb_top/ahbslave.v                     ; yes             ; User Verilog HDL File        ; C:/Users/wi199/OneDrive/Documentos/quartus tfg/AHB2AHB/ahb_top/ahbslave.v                     ;         ;
; ahb_top/ahbmaster.v                    ; yes             ; User Verilog HDL File        ; C:/Users/wi199/OneDrive/Documentos/quartus tfg/AHB2AHB/ahb_top/ahbmaster.v                    ;         ;
; AHB2AHBtop.v                           ; yes             ; User Verilog HDL File        ; C:/Users/wi199/OneDrive/Documentos/quartus tfg/AHB2AHB/AHB2AHBtop.v                           ;         ;
; altsyncram.tdf                         ; yes             ; Megafunction                 ; c:/intelfpga_lite/18.1/quartus/libraries/megafunctions/altsyncram.tdf                         ;         ;
; stratix_ram_block.inc                  ; yes             ; Megafunction                 ; c:/intelfpga_lite/18.1/quartus/libraries/megafunctions/stratix_ram_block.inc                  ;         ;
; lpm_mux.inc                            ; yes             ; Megafunction                 ; c:/intelfpga_lite/18.1/quartus/libraries/megafunctions/lpm_mux.inc                            ;         ;
; lpm_decode.inc                         ; yes             ; Megafunction                 ; c:/intelfpga_lite/18.1/quartus/libraries/megafunctions/lpm_decode.inc                         ;         ;
; aglobal181.inc                         ; yes             ; Megafunction                 ; c:/intelfpga_lite/18.1/quartus/libraries/megafunctions/aglobal181.inc                         ;         ;
; a_rdenreg.inc                          ; yes             ; Megafunction                 ; c:/intelfpga_lite/18.1/quartus/libraries/megafunctions/a_rdenreg.inc                          ;         ;
; altrom.inc                             ; yes             ; Megafunction                 ; c:/intelfpga_lite/18.1/quartus/libraries/megafunctions/altrom.inc                             ;         ;
; altram.inc                             ; yes             ; Megafunction                 ; c:/intelfpga_lite/18.1/quartus/libraries/megafunctions/altram.inc                             ;         ;
; altdpram.inc                           ; yes             ; Megafunction                 ; c:/intelfpga_lite/18.1/quartus/libraries/megafunctions/altdpram.inc                           ;         ;
; db/altsyncram_04g1.tdf                 ; yes             ; Auto-Generated Megafunction  ; C:/Users/wi199/OneDrive/Documentos/quartus tfg/AHB2AHB/db/altsyncram_04g1.tdf                 ;         ;
+----------------------------------------+-----------------+------------------------------+-----------------------------------------------------------------------------------------------+---------+


+----------------------------------------------------------+
; Analysis & Synthesis Resource Usage Summary              ;
+---------------------------------------------+------------+
; Resource                                    ; Usage      ;
+---------------------------------------------+------------+
; Estimated Total logic elements              ; 172        ;
;                                             ;            ;
; Total combinational functions               ; 111        ;
; Logic element usage by number of LUT inputs ;            ;
;     -- 4 input functions                    ; 42         ;
;     -- 3 input functions                    ; 45         ;
;     -- <=2 input functions                  ; 24         ;
;                                             ;            ;
; Logic elements by mode                      ;            ;
;     -- normal mode                          ; 103        ;
;     -- arithmetic mode                      ; 8          ;
;                                             ;            ;
; Total registers                             ; 120        ;
;     -- Dedicated logic registers            ; 120        ;
;     -- I/O registers                        ; 0          ;
;                                             ;            ;
; I/O pins                                    ; 55         ;
; Total memory bits                           ; 160        ;
;                                             ;            ;
; Embedded Multiplier 9-bit elements          ; 0          ;
;                                             ;            ;
; Maximum fan-out node                        ; hclk~input ;
; Maximum fan-out                             ; 126        ;
; Total fan-out                               ; 1013       ;
; Average fan-out                             ; 2.84       ;
+---------------------------------------------+------------+


+----------------------------------------------------------------------------------------------------------------------------------------------------------------------------------------------------------------------------------------------------------------------------------------------------------------------------------+
; Analysis & Synthesis Resource Utilization by Entity                                                                                                                                                                                                                                                                              ;
+----------------------------------------------+---------------------+---------------------------+-------------+------------+--------------+---------+-----------+------+--------------+------------+-------------------------------------------------------------------------------------------+-------------------+--------------+
; Compilation Hierarchy Node                   ; Combinational ALUTs ; Dedicated Logic Registers ; Memory Bits ; UFM Blocks ; DSP Elements ; DSP 9x9 ; DSP 18x18 ; Pins ; Virtual Pins ; ADC blocks ; Full Hierarchy Name                                                                       ; Entity Name       ; Library Name ;
+----------------------------------------------+---------------------+---------------------------+-------------+------------+--------------+---------+-----------+------+--------------+------------+-------------------------------------------------------------------------------------------+-------------------+--------------+
; |AHB2AHBtop                                  ; 111 (0)             ; 120 (0)                   ; 160         ; 0          ; 0            ; 0       ; 0         ; 55   ; 0            ; 0          ; |AHB2AHBtop                                                                               ; AHB2AHBtop        ; work         ;
;    |ahbtop:U2|                               ; 64 (0)              ; 110 (0)                   ; 160         ; 0          ; 0            ; 0       ; 0         ; 0    ; 0            ; 0          ; |AHB2AHBtop|ahbtop:U2                                                                     ; ahbtop            ; work         ;
;       |ahbmaster:master|                     ; 12 (12)             ; 18 (18)                   ; 0           ; 0          ; 0            ; 0       ; 0         ; 0    ; 0            ; 0          ; |AHB2AHBtop|ahbtop:U2|ahbmaster:master                                                    ; ahbmaster         ; work         ;
;       |ahbslave:slave1|                      ; 24 (24)             ; 46 (46)                   ; 80          ; 0          ; 0            ; 0       ; 0         ; 0    ; 0            ; 0          ; |AHB2AHBtop|ahbtop:U2|ahbslave:slave1                                                     ; ahbslave          ; work         ;
;          |altsyncram:mem_rtl_0|              ; 0 (0)               ; 0 (0)                     ; 80          ; 0          ; 0            ; 0       ; 0         ; 0    ; 0            ; 0          ; |AHB2AHBtop|ahbtop:U2|ahbslave:slave1|altsyncram:mem_rtl_0                                ; altsyncram        ; work         ;
;             |altsyncram_04g1:auto_generated| ; 0 (0)               ; 0 (0)                     ; 80          ; 0          ; 0            ; 0       ; 0         ; 0    ; 0            ; 0          ; |AHB2AHBtop|ahbtop:U2|ahbslave:slave1|altsyncram:mem_rtl_0|altsyncram_04g1:auto_generated ; altsyncram_04g1   ; work         ;
;       |ahbslave:slave2|                      ; 24 (24)             ; 46 (46)                   ; 80          ; 0          ; 0            ; 0       ; 0         ; 0    ; 0            ; 0          ; |AHB2AHBtop|ahbtop:U2|ahbslave:slave2                                                     ; ahbslave          ; work         ;
;          |altsyncram:mem_rtl_0|              ; 0 (0)               ; 0 (0)                     ; 80          ; 0          ; 0            ; 0       ; 0         ; 0    ; 0            ; 0          ; |AHB2AHBtop|ahbtop:U2|ahbslave:slave2|altsyncram:mem_rtl_0                                ; altsyncram        ; work         ;
;             |altsyncram_04g1:auto_generated| ; 0 (0)               ; 0 (0)                     ; 80          ; 0          ; 0            ; 0       ; 0         ; 0    ; 0            ; 0          ; |AHB2AHBtop|ahbtop:U2|ahbslave:slave2|altsyncram:mem_rtl_0|altsyncram_04g1:auto_generated ; altsyncram_04g1   ; work         ;
;       |multiplexor:multip|                   ; 4 (4)               ; 0 (0)                     ; 0           ; 0          ; 0            ; 0       ; 0         ; 0    ; 0            ; 0          ; |AHB2AHBtop|ahbtop:U2|multiplexor:multip                                                  ; multiplexor       ; work         ;
;    |idecoder:U1|                             ; 47 (10)             ; 10 (10)                   ; 0           ; 0          ; 0            ; 0       ; 0         ; 0    ; 0            ; 0          ; |AHB2AHBtop|idecoder:U1                                                                   ; idecoder          ; work         ;
;       |instructionmemory:U1|                 ; 37 (37)             ; 0 (0)                     ; 0           ; 0          ; 0            ; 0       ; 0         ; 0    ; 0            ; 0          ; |AHB2AHBtop|idecoder:U1|instructionmemory:U1                                              ; instructionmemory ; work         ;
+----------------------------------------------+---------------------+---------------------------+-------------+------------+--------------+---------+-----------+------+--------------+------------+-------------------------------------------------------------------------------------------+-------------------+--------------+
Note: For table entries with two numbers listed, the numbers in parentheses indicate the number of resources of the given type used by the specific entity alone. The numbers listed outside of parentheses indicate the total resources of the given type used by the specific entity and all of its sub-entities in the hierarchy.


+----------------------------------------------------------------------------------------------------------------------------------------------------------------------------------------------+
; Analysis & Synthesis RAM Summary                                                                                                                                                             ;
+------------------------------------------------------------------------------------------+------+------------------+--------------+--------------+--------------+--------------+------+------+
; Name                                                                                     ; Type ; Mode             ; Port A Depth ; Port A Width ; Port B Depth ; Port B Width ; Size ; MIF  ;
+------------------------------------------------------------------------------------------+------+------------------+--------------+--------------+--------------+--------------+------+------+
; ahbtop:U2|ahbslave:slave1|altsyncram:mem_rtl_0|altsyncram_04g1:auto_generated|ALTSYNCRAM ; AUTO ; Simple Dual Port ; 10           ; 8            ; 10           ; 8            ; 80   ; None ;
; ahbtop:U2|ahbslave:slave2|altsyncram:mem_rtl_0|altsyncram_04g1:auto_generated|ALTSYNCRAM ; AUTO ; Simple Dual Port ; 10           ; 8            ; 10           ; 8            ; 80   ; None ;
+------------------------------------------------------------------------------------------+------+------------------+--------------+--------------+--------------+--------------+------+------+


Encoding Type:  One-Hot
+----------------------------------------------------------------+
; State Machine - |AHB2AHBtop|ahbtop:U2|ahbslave:slave2|state    ;
+-------------+------------+-------------+----------+------------+
; Name        ; state.READ ; state.WRITE ; state.s1 ; state.idle ;
+-------------+------------+-------------+----------+------------+
; state.idle  ; 0          ; 0           ; 0        ; 0          ;
; state.s1    ; 0          ; 0           ; 1        ; 1          ;
; state.WRITE ; 0          ; 1           ; 0        ; 1          ;
; state.READ  ; 1          ; 0           ; 0        ; 1          ;
+-------------+------------+-------------+----------+------------+


Encoding Type:  One-Hot
+----------------------------------------------------------------+
; State Machine - |AHB2AHBtop|ahbtop:U2|ahbslave:slave1|state    ;
+-------------+------------+-------------+----------+------------+
; Name        ; state.READ ; state.WRITE ; state.s1 ; state.idle ;
+-------------+------------+-------------+----------+------------+
; state.idle  ; 0          ; 0           ; 0        ; 0          ;
; state.s1    ; 0          ; 0           ; 1        ; 1          ;
; state.WRITE ; 0          ; 1           ; 0        ; 1          ;
; state.READ  ; 1          ; 0           ; 0        ; 1          ;
+-------------+------------+-------------+----------+------------+


Encoding Type:  One-Hot
+--------------------------------------------------------------+
; State Machine - |AHB2AHBtop|ahbtop:U2|ahbmaster:master|state ;
+-------------+----------+------------+------------------------+
; Name        ; state.s1 ; state.READ ; state.WRITE            ;
+-------------+----------+------------+------------------------+
; state.s1    ; 0        ; 0          ; 0                      ;
; state.WRITE ; 1        ; 0          ; 1                      ;
; state.READ  ; 1        ; 1          ; 0                      ;
+-------------+----------+------------+------------------------+


+---------------------------------------------------------------------------------------------------------------------+
; User-Specified and Inferred Latches                                                                                 ;
+----------------------------------------------------+---------------------------------------+------------------------+
; Latch Name                                         ; Latch Enable Signal                   ; Free of Timing Hazards ;
+----------------------------------------------------+---------------------------------------+------------------------+
; ahbtop:U2|ahbslave:slave1|single_flag              ; ahbtop:U2|ahbslave:slave1|single_flag ; yes                    ;
; ahbtop:U2|ahbslave:slave2|single_flag              ; ahbtop:U2|ahbslave:slave2|single_flag ; yes                    ;
; Number of user-specified and inferred latches = 2  ;                                       ;                        ;
+----------------------------------------------------+---------------------------------------+------------------------+
Note: All latches listed above may not be present at the end of synthesis due to various synthesis optimizations.


+---------------------------------------------------------------------------------+
; Registers Removed During Synthesis                                              ;
+----------------------------------------+----------------------------------------+
; Register name                          ; Reason for Removal                     ;
+----------------------------------------+----------------------------------------+
; ahbtop:U2|ahbmaster:master|htrans[0]   ; Stuck at GND due to stuck port data_in ;
; ahbtop:U2|ahbmaster:master|htrans[1]   ; Lost fanout                            ;
; ahbtop:U2|ahbslave:slave1|raddr[4..9]  ; Stuck at GND due to stuck port data_in ;
; ahbtop:U2|ahbslave:slave2|raddr[4..9]  ; Stuck at GND due to stuck port data_in ;
; ahbtop:U2|ahbslave:slave1|waddr[4..9]  ; Stuck at GND due to stuck port data_in ;
; ahbtop:U2|ahbslave:slave2|waddr[4..9]  ; Stuck at GND due to stuck port data_in ;
; ahbtop:U2|ahbslave:slave1|upaddr[0..7] ; Stuck at GND due to stuck port data_in ;
; ahbtop:U2|ahbmaster:master|state.WRITE ; Lost fanout                            ;
; ahbtop:U2|ahbmaster:master|state.READ  ; Lost fanout                            ;
; ahbtop:U2|ahbslave:slave2|state.idle   ; Lost fanout                            ;
; ahbtop:U2|ahbslave:slave1|state.idle   ; Lost fanout                            ;
; ahbtop:U2|ahbslave:slave2|state~4      ; Lost fanout                            ;
; ahbtop:U2|ahbslave:slave2|state~5      ; Lost fanout                            ;
; ahbtop:U2|ahbslave:slave1|state~4      ; Lost fanout                            ;
; ahbtop:U2|ahbslave:slave1|state~5      ; Lost fanout                            ;
; Total Number of Removed Registers = 42 ;                                        ;
+----------------------------------------+----------------------------------------+


+----------------------------------------------------------------------------------------------------------------------------------------------+
; Removed Registers Triggering Further Register Optimizations                                                                                  ;
+--------------------------------------+---------------------------+---------------------------------------------------------------------------+
; Register name                        ; Reason for Removal        ; Registers Removed due to This Register                                    ;
+--------------------------------------+---------------------------+---------------------------------------------------------------------------+
; ahbtop:U2|ahbmaster:master|htrans[0] ; Stuck at GND              ; ahbtop:U2|ahbmaster:master|htrans[1], ahbtop:U2|ahbslave:slave1|raddr[9], ;
;                                      ; due to stuck port data_in ; ahbtop:U2|ahbslave:slave1|raddr[8], ahbtop:U2|ahbslave:slave1|raddr[7],   ;
;                                      ;                           ; ahbtop:U2|ahbslave:slave1|raddr[6], ahbtop:U2|ahbslave:slave1|raddr[5],   ;
;                                      ;                           ; ahbtop:U2|ahbslave:slave1|raddr[4], ahbtop:U2|ahbslave:slave2|raddr[9],   ;
;                                      ;                           ; ahbtop:U2|ahbslave:slave2|raddr[8], ahbtop:U2|ahbslave:slave2|raddr[7],   ;
;                                      ;                           ; ahbtop:U2|ahbslave:slave2|raddr[6], ahbtop:U2|ahbslave:slave2|raddr[5],   ;
;                                      ;                           ; ahbtop:U2|ahbslave:slave2|raddr[4], ahbtop:U2|ahbslave:slave1|waddr[9],   ;
;                                      ;                           ; ahbtop:U2|ahbslave:slave1|waddr[8], ahbtop:U2|ahbslave:slave1|waddr[7],   ;
;                                      ;                           ; ahbtop:U2|ahbslave:slave1|waddr[6], ahbtop:U2|ahbslave:slave1|waddr[5],   ;
;                                      ;                           ; ahbtop:U2|ahbslave:slave1|waddr[4], ahbtop:U2|ahbslave:slave2|waddr[9],   ;
;                                      ;                           ; ahbtop:U2|ahbslave:slave2|waddr[8], ahbtop:U2|ahbslave:slave2|waddr[7],   ;
;                                      ;                           ; ahbtop:U2|ahbslave:slave2|waddr[6], ahbtop:U2|ahbslave:slave2|waddr[5],   ;
;                                      ;                           ; ahbtop:U2|ahbslave:slave2|waddr[4], ahbtop:U2|ahbslave:slave1|upaddr[0],  ;
;                                      ;                           ; ahbtop:U2|ahbslave:slave1|upaddr[1], ahbtop:U2|ahbslave:slave1|upaddr[2], ;
;                                      ;                           ; ahbtop:U2|ahbslave:slave1|upaddr[3], ahbtop:U2|ahbslave:slave1|upaddr[4], ;
;                                      ;                           ; ahbtop:U2|ahbslave:slave1|upaddr[5], ahbtop:U2|ahbslave:slave1|upaddr[6], ;
;                                      ;                           ; ahbtop:U2|ahbslave:slave1|upaddr[7]                                       ;
+--------------------------------------+---------------------------+---------------------------------------------------------------------------+


+------------------------------------------------------+
; General Register Statistics                          ;
+----------------------------------------------+-------+
; Statistic                                    ; Value ;
+----------------------------------------------+-------+
; Total registers                              ; 120   ;
; Number of registers using Synchronous Clear  ; 0     ;
; Number of registers using Synchronous Load   ; 21    ;
; Number of registers using Asynchronous Clear ; 70    ;
; Number of registers using Asynchronous Load  ; 0     ;
; Number of registers using Clock Enable       ; 56    ;
; Number of registers using Preset             ; 0     ;
+----------------------------------------------+-------+


+--------------------------------------------------------------------------------------+
; Registers Added for RAM Pass-Through Logic                                           ;
+------------------------------------------------+-------------------------------------+
; Register Name                                  ; RAM Name                            ;
+------------------------------------------------+-------------------------------------+
; ahbtop:U2|ahbslave:slave1|mem_rtl_0_bypass[0]  ; ahbtop:U2|ahbslave:slave1|mem_rtl_0 ;
; ahbtop:U2|ahbslave:slave1|mem_rtl_0_bypass[1]  ; ahbtop:U2|ahbslave:slave1|mem_rtl_0 ;
; ahbtop:U2|ahbslave:slave1|mem_rtl_0_bypass[2]  ; ahbtop:U2|ahbslave:slave1|mem_rtl_0 ;
; ahbtop:U2|ahbslave:slave1|mem_rtl_0_bypass[3]  ; ahbtop:U2|ahbslave:slave1|mem_rtl_0 ;
; ahbtop:U2|ahbslave:slave1|mem_rtl_0_bypass[4]  ; ahbtop:U2|ahbslave:slave1|mem_rtl_0 ;
; ahbtop:U2|ahbslave:slave1|mem_rtl_0_bypass[5]  ; ahbtop:U2|ahbslave:slave1|mem_rtl_0 ;
; ahbtop:U2|ahbslave:slave1|mem_rtl_0_bypass[6]  ; ahbtop:U2|ahbslave:slave1|mem_rtl_0 ;
; ahbtop:U2|ahbslave:slave1|mem_rtl_0_bypass[7]  ; ahbtop:U2|ahbslave:slave1|mem_rtl_0 ;
; ahbtop:U2|ahbslave:slave1|mem_rtl_0_bypass[8]  ; ahbtop:U2|ahbslave:slave1|mem_rtl_0 ;
; ahbtop:U2|ahbslave:slave1|mem_rtl_0_bypass[9]  ; ahbtop:U2|ahbslave:slave1|mem_rtl_0 ;
; ahbtop:U2|ahbslave:slave1|mem_rtl_0_bypass[10] ; ahbtop:U2|ahbslave:slave1|mem_rtl_0 ;
; ahbtop:U2|ahbslave:slave1|mem_rtl_0_bypass[11] ; ahbtop:U2|ahbslave:slave1|mem_rtl_0 ;
; ahbtop:U2|ahbslave:slave1|mem_rtl_0_bypass[12] ; ahbtop:U2|ahbslave:slave1|mem_rtl_0 ;
; ahbtop:U2|ahbslave:slave1|mem_rtl_0_bypass[13] ; ahbtop:U2|ahbslave:slave1|mem_rtl_0 ;
; ahbtop:U2|ahbslave:slave1|mem_rtl_0_bypass[14] ; ahbtop:U2|ahbslave:slave1|mem_rtl_0 ;
; ahbtop:U2|ahbslave:slave1|mem_rtl_0_bypass[15] ; ahbtop:U2|ahbslave:slave1|mem_rtl_0 ;
; ahbtop:U2|ahbslave:slave1|mem_rtl_0_bypass[16] ; ahbtop:U2|ahbslave:slave1|mem_rtl_0 ;
; ahbtop:U2|ahbslave:slave2|mem_rtl_0_bypass[0]  ; ahbtop:U2|ahbslave:slave2|mem_rtl_0 ;
; ahbtop:U2|ahbslave:slave2|mem_rtl_0_bypass[1]  ; ahbtop:U2|ahbslave:slave2|mem_rtl_0 ;
; ahbtop:U2|ahbslave:slave2|mem_rtl_0_bypass[2]  ; ahbtop:U2|ahbslave:slave2|mem_rtl_0 ;
; ahbtop:U2|ahbslave:slave2|mem_rtl_0_bypass[3]  ; ahbtop:U2|ahbslave:slave2|mem_rtl_0 ;
; ahbtop:U2|ahbslave:slave2|mem_rtl_0_bypass[4]  ; ahbtop:U2|ahbslave:slave2|mem_rtl_0 ;
; ahbtop:U2|ahbslave:slave2|mem_rtl_0_bypass[5]  ; ahbtop:U2|ahbslave:slave2|mem_rtl_0 ;
; ahbtop:U2|ahbslave:slave2|mem_rtl_0_bypass[6]  ; ahbtop:U2|ahbslave:slave2|mem_rtl_0 ;
; ahbtop:U2|ahbslave:slave2|mem_rtl_0_bypass[7]  ; ahbtop:U2|ahbslave:slave2|mem_rtl_0 ;
; ahbtop:U2|ahbslave:slave2|mem_rtl_0_bypass[8]  ; ahbtop:U2|ahbslave:slave2|mem_rtl_0 ;
; ahbtop:U2|ahbslave:slave2|mem_rtl_0_bypass[9]  ; ahbtop:U2|ahbslave:slave2|mem_rtl_0 ;
; ahbtop:U2|ahbslave:slave2|mem_rtl_0_bypass[10] ; ahbtop:U2|ahbslave:slave2|mem_rtl_0 ;
; ahbtop:U2|ahbslave:slave2|mem_rtl_0_bypass[11] ; ahbtop:U2|ahbslave:slave2|mem_rtl_0 ;
; ahbtop:U2|ahbslave:slave2|mem_rtl_0_bypass[12] ; ahbtop:U2|ahbslave:slave2|mem_rtl_0 ;
; ahbtop:U2|ahbslave:slave2|mem_rtl_0_bypass[13] ; ahbtop:U2|ahbslave:slave2|mem_rtl_0 ;
; ahbtop:U2|ahbslave:slave2|mem_rtl_0_bypass[14] ; ahbtop:U2|ahbslave:slave2|mem_rtl_0 ;
; ahbtop:U2|ahbslave:slave2|mem_rtl_0_bypass[15] ; ahbtop:U2|ahbslave:slave2|mem_rtl_0 ;
; ahbtop:U2|ahbslave:slave2|mem_rtl_0_bypass[16] ; ahbtop:U2|ahbslave:slave2|mem_rtl_0 ;
+------------------------------------------------+-------------------------------------+


+----------------------------------------------------------------------------------------------------------------------------------------------------------------+
; Multiplexer Restructuring Statistics (Restructuring Performed)                                                                                                 ;
+--------------------+-----------+---------------+----------------------+------------------------+------------+--------------------------------------------------+
; Multiplexer Inputs ; Bus Width ; Baseline Area ; Area if Restructured ; Saving if Restructured ; Registered ; Example Multiplexer Output                       ;
+--------------------+-----------+---------------+----------------------+------------------------+------------+--------------------------------------------------+
; 3:1                ; 3 bits    ; 6 LEs         ; 3 LEs                ; 3 LEs                  ; Yes        ; |AHB2AHBtop|ahbtop:U2|ahbmaster:master|hwdata[6] ;
; 3:1                ; 5 bits    ; 10 LEs        ; 5 LEs                ; 5 LEs                  ; Yes        ; |AHB2AHBtop|ahbtop:U2|ahbmaster:master|hwdata[1] ;
; 4:1                ; 8 bits    ; 16 LEs        ; 16 LEs               ; 0 LEs                  ; Yes        ; |AHB2AHBtop|ahbtop:U2|ahbslave:slave1|hrdata[2]  ;
; 4:1                ; 8 bits    ; 16 LEs        ; 16 LEs               ; 0 LEs                  ; Yes        ; |AHB2AHBtop|ahbtop:U2|ahbslave:slave2|hrdata[5]  ;
+--------------------+-----------+---------------+----------------------+------------------------+------------+--------------------------------------------------+


+------------------------------------------------------------------------------------------------------+
; Source assignments for ahbtop:U2|ahbslave:slave1|altsyncram:mem_rtl_0|altsyncram_04g1:auto_generated ;
+---------------------------------+--------------------+------+----------------------------------------+
; Assignment                      ; Value              ; From ; To                                     ;
+---------------------------------+--------------------+------+----------------------------------------+
; OPTIMIZE_POWER_DURING_SYNTHESIS ; NORMAL_COMPILATION ; -    ; -                                      ;
+---------------------------------+--------------------+------+----------------------------------------+


+------------------------------------------------------------------------------------------------------+
; Source assignments for ahbtop:U2|ahbslave:slave2|altsyncram:mem_rtl_0|altsyncram_04g1:auto_generated ;
+---------------------------------+--------------------+------+----------------------------------------+
; Assignment                      ; Value              ; From ; To                                     ;
+---------------------------------+--------------------+------+----------------------------------------+
; OPTIMIZE_POWER_DURING_SYNTHESIS ; NORMAL_COMPILATION ; -    ; -                                      ;
+---------------------------------+--------------------+------+----------------------------------------+


+-------------------------------------------------------------------------+
; Parameter Settings for User Entity Instance: ahbtop:U2|ahbmaster:master ;
+----------------+-------+------------------------------------------------+
; Parameter Name ; Value ; Type                                           ;
+----------------+-------+------------------------------------------------+
; s1             ; 00    ; Unsigned Binary                                ;
; WRITE          ; 01    ; Unsigned Binary                                ;
; READ           ; 10    ; Unsigned Binary                                ;
+----------------+-------+------------------------------------------------+
Note: In order to hide this table in the UI and the text report file, please set the "Show Parameter Settings in Synthesis Report" option in "Analysis and Synthesis Settings -> More Settings" to "Off".


+-------------------------------------------------------------------------------------------------+
; Parameter Settings for Inferred Entity Instance: ahbtop:U2|ahbslave:slave1|altsyncram:mem_rtl_0 ;
+------------------------------------+----------------------+-------------------------------------+
; Parameter Name                     ; Value                ; Type                                ;
+------------------------------------+----------------------+-------------------------------------+
; BYTE_SIZE_BLOCK                    ; 8                    ; Untyped                             ;
; AUTO_CARRY_CHAINS                  ; ON                   ; AUTO_CARRY                          ;
; IGNORE_CARRY_BUFFERS               ; OFF                  ; IGNORE_CARRY                        ;
; AUTO_CASCADE_CHAINS                ; ON                   ; AUTO_CASCADE                        ;
; IGNORE_CASCADE_BUFFERS             ; OFF                  ; IGNORE_CASCADE                      ;
; WIDTH_BYTEENA                      ; 1                    ; Untyped                             ;
; OPERATION_MODE                     ; DUAL_PORT            ; Untyped                             ;
; WIDTH_A                            ; 8                    ; Untyped                             ;
; WIDTHAD_A                          ; 4                    ; Untyped                             ;
; NUMWORDS_A                         ; 10                   ; Untyped                             ;
; OUTDATA_REG_A                      ; UNREGISTERED         ; Untyped                             ;
; ADDRESS_ACLR_A                     ; NONE                 ; Untyped                             ;
; OUTDATA_ACLR_A                     ; NONE                 ; Untyped                             ;
; WRCONTROL_ACLR_A                   ; NONE                 ; Untyped                             ;
; INDATA_ACLR_A                      ; NONE                 ; Untyped                             ;
; BYTEENA_ACLR_A                     ; NONE                 ; Untyped                             ;
; WIDTH_B                            ; 8                    ; Untyped                             ;
; WIDTHAD_B                          ; 4                    ; Untyped                             ;
; NUMWORDS_B                         ; 10                   ; Untyped                             ;
; INDATA_REG_B                       ; CLOCK1               ; Untyped                             ;
; WRCONTROL_WRADDRESS_REG_B          ; CLOCK1               ; Untyped                             ;
; RDCONTROL_REG_B                    ; CLOCK1               ; Untyped                             ;
; ADDRESS_REG_B                      ; CLOCK0               ; Untyped                             ;
; OUTDATA_REG_B                      ; UNREGISTERED         ; Untyped                             ;
; BYTEENA_REG_B                      ; CLOCK1               ; Untyped                             ;
; INDATA_ACLR_B                      ; NONE                 ; Untyped                             ;
; WRCONTROL_ACLR_B                   ; NONE                 ; Untyped                             ;
; ADDRESS_ACLR_B                     ; NONE                 ; Untyped                             ;
; OUTDATA_ACLR_B                     ; NONE                 ; Untyped                             ;
; RDCONTROL_ACLR_B                   ; NONE                 ; Untyped                             ;
; BYTEENA_ACLR_B                     ; NONE                 ; Untyped                             ;
; WIDTH_BYTEENA_A                    ; 1                    ; Untyped                             ;
; WIDTH_BYTEENA_B                    ; 1                    ; Untyped                             ;
; RAM_BLOCK_TYPE                     ; AUTO                 ; Untyped                             ;
; BYTE_SIZE                          ; 8                    ; Untyped                             ;
; READ_DURING_WRITE_MODE_MIXED_PORTS ; OLD_DATA             ; Untyped                             ;
; READ_DURING_WRITE_MODE_PORT_A      ; NEW_DATA_NO_NBE_READ ; Untyped                             ;
; READ_DURING_WRITE_MODE_PORT_B      ; NEW_DATA_NO_NBE_READ ; Untyped                             ;
; INIT_FILE                          ; UNUSED               ; Untyped                             ;
; INIT_FILE_LAYOUT                   ; PORT_A               ; Untyped                             ;
; MAXIMUM_DEPTH                      ; 0                    ; Untyped                             ;
; CLOCK_ENABLE_INPUT_A               ; NORMAL               ; Untyped                             ;
; CLOCK_ENABLE_INPUT_B               ; NORMAL               ; Untyped                             ;
; CLOCK_ENABLE_OUTPUT_A              ; NORMAL               ; Untyped                             ;
; CLOCK_ENABLE_OUTPUT_B              ; NORMAL               ; Untyped                             ;
; CLOCK_ENABLE_CORE_A                ; USE_INPUT_CLKEN      ; Untyped                             ;
; CLOCK_ENABLE_CORE_B                ; USE_INPUT_CLKEN      ; Untyped                             ;
; ENABLE_ECC                         ; FALSE                ; Untyped                             ;
; ECC_PIPELINE_STAGE_ENABLED         ; FALSE                ; Untyped                             ;
; WIDTH_ECCSTATUS                    ; 3                    ; Untyped                             ;
; DEVICE_FAMILY                      ; MAX 10               ; Untyped                             ;
; CBXI_PARAMETER                     ; altsyncram_04g1      ; Untyped                             ;
+------------------------------------+----------------------+-------------------------------------+
Note: In order to hide this table in the UI and the text report file, please set the "Show Parameter Settings in Synthesis Report" option in "Analysis and Synthesis Settings -> More Settings" to "Off".


+-------------------------------------------------------------------------------------------------+
; Parameter Settings for Inferred Entity Instance: ahbtop:U2|ahbslave:slave2|altsyncram:mem_rtl_0 ;
+------------------------------------+----------------------+-------------------------------------+
; Parameter Name                     ; Value                ; Type                                ;
+------------------------------------+----------------------+-------------------------------------+
; BYTE_SIZE_BLOCK                    ; 8                    ; Untyped                             ;
; AUTO_CARRY_CHAINS                  ; ON                   ; AUTO_CARRY                          ;
; IGNORE_CARRY_BUFFERS               ; OFF                  ; IGNORE_CARRY                        ;
; AUTO_CASCADE_CHAINS                ; ON                   ; AUTO_CASCADE                        ;
; IGNORE_CASCADE_BUFFERS             ; OFF                  ; IGNORE_CASCADE                      ;
; WIDTH_BYTEENA                      ; 1                    ; Untyped                             ;
; OPERATION_MODE                     ; DUAL_PORT            ; Untyped                             ;
; WIDTH_A                            ; 8                    ; Untyped                             ;
; WIDTHAD_A                          ; 4                    ; Untyped                             ;
; NUMWORDS_A                         ; 10                   ; Untyped                             ;
; OUTDATA_REG_A                      ; UNREGISTERED         ; Untyped                             ;
; ADDRESS_ACLR_A                     ; NONE                 ; Untyped                             ;
; OUTDATA_ACLR_A                     ; NONE                 ; Untyped                             ;
; WRCONTROL_ACLR_A                   ; NONE                 ; Untyped                             ;
; INDATA_ACLR_A                      ; NONE                 ; Untyped                             ;
; BYTEENA_ACLR_A                     ; NONE                 ; Untyped                             ;
; WIDTH_B                            ; 8                    ; Untyped                             ;
; WIDTHAD_B                          ; 4                    ; Untyped                             ;
; NUMWORDS_B                         ; 10                   ; Untyped                             ;
; INDATA_REG_B                       ; CLOCK1               ; Untyped                             ;
; WRCONTROL_WRADDRESS_REG_B          ; CLOCK1               ; Untyped                             ;
; RDCONTROL_REG_B                    ; CLOCK1               ; Untyped                             ;
; ADDRESS_REG_B                      ; CLOCK0               ; Untyped                             ;
; OUTDATA_REG_B                      ; UNREGISTERED         ; Untyped                             ;
; BYTEENA_REG_B                      ; CLOCK1               ; Untyped                             ;
; INDATA_ACLR_B                      ; NONE                 ; Untyped                             ;
; WRCONTROL_ACLR_B                   ; NONE                 ; Untyped                             ;
; ADDRESS_ACLR_B                     ; NONE                 ; Untyped                             ;
; OUTDATA_ACLR_B                     ; NONE                 ; Untyped                             ;
; RDCONTROL_ACLR_B                   ; NONE                 ; Untyped                             ;
; BYTEENA_ACLR_B                     ; NONE                 ; Untyped                             ;
; WIDTH_BYTEENA_A                    ; 1                    ; Untyped                             ;
; WIDTH_BYTEENA_B                    ; 1                    ; Untyped                             ;
; RAM_BLOCK_TYPE                     ; AUTO                 ; Untyped                             ;
; BYTE_SIZE                          ; 8                    ; Untyped                             ;
; READ_DURING_WRITE_MODE_MIXED_PORTS ; OLD_DATA             ; Untyped                             ;
; READ_DURING_WRITE_MODE_PORT_A      ; NEW_DATA_NO_NBE_READ ; Untyped                             ;
; READ_DURING_WRITE_MODE_PORT_B      ; NEW_DATA_NO_NBE_READ ; Untyped                             ;
; INIT_FILE                          ; UNUSED               ; Untyped                             ;
; INIT_FILE_LAYOUT                   ; PORT_A               ; Untyped                             ;
; MAXIMUM_DEPTH                      ; 0                    ; Untyped                             ;
; CLOCK_ENABLE_INPUT_A               ; NORMAL               ; Untyped                             ;
; CLOCK_ENABLE_INPUT_B               ; NORMAL               ; Untyped                             ;
; CLOCK_ENABLE_OUTPUT_A              ; NORMAL               ; Untyped                             ;
; CLOCK_ENABLE_OUTPUT_B              ; NORMAL               ; Untyped                             ;
; CLOCK_ENABLE_CORE_A                ; USE_INPUT_CLKEN      ; Untyped                             ;
; CLOCK_ENABLE_CORE_B                ; USE_INPUT_CLKEN      ; Untyped                             ;
; ENABLE_ECC                         ; FALSE                ; Untyped                             ;
; ECC_PIPELINE_STAGE_ENABLED         ; FALSE                ; Untyped                             ;
; WIDTH_ECCSTATUS                    ; 3                    ; Untyped                             ;
; DEVICE_FAMILY                      ; MAX 10               ; Untyped                             ;
; CBXI_PARAMETER                     ; altsyncram_04g1      ; Untyped                             ;
+------------------------------------+----------------------+-------------------------------------+
Note: In order to hide this table in the UI and the text report file, please set the "Show Parameter Settings in Synthesis Report" option in "Analysis and Synthesis Settings -> More Settings" to "Off".


+--------------------------------------------------------------------------------------------+
; altsyncram Parameter Settings by Entity Instance                                           ;
+-------------------------------------------+------------------------------------------------+
; Name                                      ; Value                                          ;
+-------------------------------------------+------------------------------------------------+
; Number of entity instances                ; 2                                              ;
; Entity Instance                           ; ahbtop:U2|ahbslave:slave1|altsyncram:mem_rtl_0 ;
;     -- OPERATION_MODE                     ; DUAL_PORT                                      ;
;     -- WIDTH_A                            ; 8                                              ;
;     -- NUMWORDS_A                         ; 10                                             ;
;     -- OUTDATA_REG_A                      ; UNREGISTERED                                   ;
;     -- WIDTH_B                            ; 8                                              ;
;     -- NUMWORDS_B                         ; 10                                             ;
;     -- ADDRESS_REG_B                      ; CLOCK0                                         ;
;     -- OUTDATA_REG_B                      ; UNREGISTERED                                   ;
;     -- RAM_BLOCK_TYPE                     ; AUTO                                           ;
;     -- READ_DURING_WRITE_MODE_MIXED_PORTS ; OLD_DATA                                       ;
; Entity Instance                           ; ahbtop:U2|ahbslave:slave2|altsyncram:mem_rtl_0 ;
;     -- OPERATION_MODE                     ; DUAL_PORT                                      ;
;     -- WIDTH_A                            ; 8                                              ;
;     -- NUMWORDS_A                         ; 10                                             ;
;     -- OUTDATA_REG_A                      ; UNREGISTERED                                   ;
;     -- WIDTH_B                            ; 8                                              ;
;     -- NUMWORDS_B                         ; 10                                             ;
;     -- ADDRESS_REG_B                      ; CLOCK0                                         ;
;     -- OUTDATA_REG_B                      ; UNREGISTERED                                   ;
;     -- RAM_BLOCK_TYPE                     ; AUTO                                           ;
;     -- READ_DURING_WRITE_MODE_MIXED_PORTS ; OLD_DATA                                       ;
+-------------------------------------------+------------------------------------------------+


+----------------------------------------------------------------------------------------------------------------+
; Port Connectivity Checks: "displaydecoder:U8"                                                                  ;
+------+--------+----------+-------------------------------------------------------------------------------------+
; Port ; Type   ; Severity ; Details                                                                             ;
+------+--------+----------+-------------------------------------------------------------------------------------+
; A    ; Output ; Info     ; Connected to dangling logic. Logic that only feeds a dangling port will be removed. ;
; B    ; Output ; Info     ; Connected to dangling logic. Logic that only feeds a dangling port will be removed. ;
; C    ; Output ; Info     ; Connected to dangling logic. Logic that only feeds a dangling port will be removed. ;
; D    ; Output ; Info     ; Connected to dangling logic. Logic that only feeds a dangling port will be removed. ;
; E    ; Output ; Info     ; Connected to dangling logic. Logic that only feeds a dangling port will be removed. ;
; F    ; Output ; Info     ; Connected to dangling logic. Logic that only feeds a dangling port will be removed. ;
; G    ; Output ; Info     ; Connected to dangling logic. Logic that only feeds a dangling port will be removed. ;
+------+--------+----------+-------------------------------------------------------------------------------------+


+----------------------------------------------------------------------------------------------------------------+
; Port Connectivity Checks: "displaydecoder:U7"                                                                  ;
+------+--------+----------+-------------------------------------------------------------------------------------+
; Port ; Type   ; Severity ; Details                                                                             ;
+------+--------+----------+-------------------------------------------------------------------------------------+
; A    ; Output ; Info     ; Connected to dangling logic. Logic that only feeds a dangling port will be removed. ;
; B    ; Output ; Info     ; Connected to dangling logic. Logic that only feeds a dangling port will be removed. ;
; C    ; Output ; Info     ; Connected to dangling logic. Logic that only feeds a dangling port will be removed. ;
; D    ; Output ; Info     ; Connected to dangling logic. Logic that only feeds a dangling port will be removed. ;
; E    ; Output ; Info     ; Connected to dangling logic. Logic that only feeds a dangling port will be removed. ;
; F    ; Output ; Info     ; Connected to dangling logic. Logic that only feeds a dangling port will be removed. ;
; G    ; Output ; Info     ; Connected to dangling logic. Logic that only feeds a dangling port will be removed. ;
+------+--------+----------+-------------------------------------------------------------------------------------+


+----------------------------------------------------------------------------------------------------------------+
; Port Connectivity Checks: "displaydecoder:U6"                                                                  ;
+------+--------+----------+-------------------------------------------------------------------------------------+
; Port ; Type   ; Severity ; Details                                                                             ;
+------+--------+----------+-------------------------------------------------------------------------------------+
; A    ; Output ; Info     ; Connected to dangling logic. Logic that only feeds a dangling port will be removed. ;
; B    ; Output ; Info     ; Connected to dangling logic. Logic that only feeds a dangling port will be removed. ;
; C    ; Output ; Info     ; Connected to dangling logic. Logic that only feeds a dangling port will be removed. ;
; D    ; Output ; Info     ; Connected to dangling logic. Logic that only feeds a dangling port will be removed. ;
; E    ; Output ; Info     ; Connected to dangling logic. Logic that only feeds a dangling port will be removed. ;
; F    ; Output ; Info     ; Connected to dangling logic. Logic that only feeds a dangling port will be removed. ;
; G    ; Output ; Info     ; Connected to dangling logic. Logic that only feeds a dangling port will be removed. ;
+------+--------+----------+-------------------------------------------------------------------------------------+


+-------------------------------------------------------+
; Port Connectivity Checks: "ahbtop:U2|ahbslave:slave2" ;
+--------+-------+----------+---------------------------+
; Port   ; Type  ; Severity ; Details                   ;
+--------+-------+----------+---------------------------+
; hready ; Input ; Info     ; Stuck at VCC              ;
+--------+-------+----------+---------------------------+


+-------------------------------------------------------+
; Port Connectivity Checks: "ahbtop:U2|ahbslave:slave1" ;
+--------+-------+----------+---------------------------+
; Port   ; Type  ; Severity ; Details                   ;
+--------+-------+----------+---------------------------+
; hready ; Input ; Info     ; Stuck at VCC              ;
+--------+-------+----------+---------------------------+


+----------------------------------------------------------------------------------------------------------------------------------------------------------------------------+
; Port Connectivity Checks: "ahbtop:U2"                                                                                                                                      ;
+---------+--------+----------+----------------------------------------------------------------------------------------------------------------------------------------------+
; Port    ; Type   ; Severity ; Details                                                                                                                                      ;
+---------+--------+----------+----------------------------------------------------------------------------------------------------------------------------------------------+
; memos11 ; Output ; Info     ; Connected to dangling logic. Logic that only feeds a dangling port will be removed.                                                          ;
; enable  ; Input  ; Warning  ; Declared by entity but not connected by instance. If a default value exists, it will be used.  Otherwise, the port will be connected to GND. ;
+---------+--------+----------+----------------------------------------------------------------------------------------------------------------------------------------------+


+-----------------------------------------------------+
; Post-Synthesis Netlist Statistics for Top Partition ;
+-----------------------+-----------------------------+
; Type                  ; Count                       ;
+-----------------------+-----------------------------+
; boundary_port         ; 55                          ;
; cycloneiii_ff         ; 120                         ;
;     CLR               ; 38                          ;
;     ENA               ; 24                          ;
;     ENA CLR           ; 11                          ;
;     ENA CLR SLD       ; 21                          ;
;     plain             ; 26                          ;
; cycloneiii_lcell_comb ; 113                         ;
;     arith             ; 8                           ;
;         2 data inputs ; 7                           ;
;         3 data inputs ; 1                           ;
;     normal            ; 105                         ;
;         0 data inputs ; 1                           ;
;         1 data inputs ; 5                           ;
;         2 data inputs ; 13                          ;
;         3 data inputs ; 44                          ;
;         4 data inputs ; 42                          ;
; cycloneiii_ram_block  ; 16                          ;
;                       ;                             ;
; Max LUT depth         ; 5.00                        ;
; Average LUT depth     ; 1.98                        ;
+-----------------------+-----------------------------+


+-------------------------------+
; Elapsed Time Per Partition    ;
+----------------+--------------+
; Partition Name ; Elapsed Time ;
+----------------+--------------+
; Top            ; 00:00:00     ;
+----------------+--------------+


+-------------------------------+
; Analysis & Synthesis Messages ;
+-------------------------------+
Info: *******************************************************************
Info: Running Quartus Prime Analysis & Synthesis
    Info: Version 18.1.0 Build 625 09/12/2018 SJ Lite Edition
    Info: Processing started: Wed May 29 09:57:29 2024
Info: Command: quartus_map --read_settings_files=on --write_settings_files=off AHB2AHBtop -c AHB2AHBtop
Warning (18236): Number of processors has not been specified which may cause overloading on shared machines.  Set the global assignment NUM_PARALLEL_PROCESSORS in your QSF to an appropriate value for best performance.
Info (20030): Parallel compilation is enabled and will use 10 of the 10 processors detected
Info (12021): Found 1 design units, including 1 entities, in source file instructiondecoder/instructionmemory.v
    Info (12023): Found entity 1: instructionmemory File: C:/Users/wi199/OneDrive/Documentos/quartus tfg/AHB2AHB/instructiondecoder/instructionmemory.v Line: 1
Info (12021): Found 1 design units, including 1 entities, in source file instructiondecoder/idecoder.v
    Info (12023): Found entity 1: idecoder File: C:/Users/wi199/OneDrive/Documentos/quartus tfg/AHB2AHB/instructiondecoder/idecoder.v Line: 1
Info (12021): Found 1 design units, including 1 entities, in source file display/displaydecoder.v
    Info (12023): Found entity 1: displaydecoder File: C:/Users/wi199/OneDrive/Documentos/quartus tfg/AHB2AHB/display/displaydecoder.v Line: 1
Info (12021): Found 1 design units, including 1 entities, in source file ahb_top/multiplexor.v
    Info (12023): Found entity 1: multiplexor File: C:/Users/wi199/OneDrive/Documentos/quartus tfg/AHB2AHB/ahb_top/multiplexor.v Line: 8
Info (12021): Found 1 design units, including 1 entities, in source file ahb_top/decoder.v
    Info (12023): Found entity 1: decoder File: C:/Users/wi199/OneDrive/Documentos/quartus tfg/AHB2AHB/ahb_top/decoder.v Line: 8
Info (12021): Found 1 design units, including 1 entities, in source file ahb_top/ahbtop.v
    Info (12023): Found entity 1: ahbtop File: C:/Users/wi199/OneDrive/Documentos/quartus tfg/AHB2AHB/ahb_top/ahbtop.v Line: 8
Info (12021): Found 1 design units, including 1 entities, in source file ahb_top/ahbslave.v
    Info (12023): Found entity 1: ahbslave File: C:/Users/wi199/OneDrive/Documentos/quartus tfg/AHB2AHB/ahb_top/ahbslave.v Line: 12
Info (12021): Found 1 design units, including 1 entities, in source file ahb_top/ahbmaster.v
    Info (12023): Found entity 1: ahbmaster File: C:/Users/wi199/OneDrive/Documentos/quartus tfg/AHB2AHB/ahb_top/ahbmaster.v Line: 12
Info (12021): Found 1 design units, including 1 entities, in source file ahb2ahbtop_tb.v
    Info (12023): Found entity 1: AHB2AHBtop_TB File: C:/Users/wi199/OneDrive/Documentos/quartus tfg/AHB2AHB/AHB2AHBtop_TB.v Line: 3
Info (12021): Found 1 design units, including 1 entities, in source file ahb2ahbtop.v
    Info (12023): Found entity 1: AHB2AHBtop File: C:/Users/wi199/OneDrive/Documentos/quartus tfg/AHB2AHB/AHB2AHBtop.v Line: 1
Warning (10236): Verilog HDL Implicit Net warning at ahbtop.v(76): created implicit net for "hwrite" File: C:/Users/wi199/OneDrive/Documentos/quartus tfg/AHB2AHB/ahb_top/ahbtop.v Line: 76
Warning (10236): Verilog HDL Implicit Net warning at ahbslave.v(46): created implicit net for "estadoslave" File: C:/Users/wi199/OneDrive/Documentos/quartus tfg/AHB2AHB/ahb_top/ahbslave.v Line: 46
Warning (10236): Verilog HDL Implicit Net warning at AHB2AHBtop_TB.v(25): created implicit net for "memos0" File: C:/Users/wi199/OneDrive/Documentos/quartus tfg/AHB2AHB/AHB2AHBtop_TB.v Line: 25
Warning (10236): Verilog HDL Implicit Net warning at AHB2AHBtop_TB.v(26): created implicit net for "memos1" File: C:/Users/wi199/OneDrive/Documentos/quartus tfg/AHB2AHB/AHB2AHBtop_TB.v Line: 26
Warning (10236): Verilog HDL Implicit Net warning at AHB2AHBtop.v(64): created implicit net for "Am" File: C:/Users/wi199/OneDrive/Documentos/quartus tfg/AHB2AHB/AHB2AHBtop.v Line: 64
Warning (10236): Verilog HDL Implicit Net warning at AHB2AHBtop.v(65): created implicit net for "Bm" File: C:/Users/wi199/OneDrive/Documentos/quartus tfg/AHB2AHB/AHB2AHBtop.v Line: 65
Warning (10236): Verilog HDL Implicit Net warning at AHB2AHBtop.v(66): created implicit net for "Cm" File: C:/Users/wi199/OneDrive/Documentos/quartus tfg/AHB2AHB/AHB2AHBtop.v Line: 66
Warning (10236): Verilog HDL Implicit Net warning at AHB2AHBtop.v(67): created implicit net for "Dm" File: C:/Users/wi199/OneDrive/Documentos/quartus tfg/AHB2AHB/AHB2AHBtop.v Line: 67
Warning (10236): Verilog HDL Implicit Net warning at AHB2AHBtop.v(68): created implicit net for "Em" File: C:/Users/wi199/OneDrive/Documentos/quartus tfg/AHB2AHB/AHB2AHBtop.v Line: 68
Warning (10236): Verilog HDL Implicit Net warning at AHB2AHBtop.v(69): created implicit net for "Fm" File: C:/Users/wi199/OneDrive/Documentos/quartus tfg/AHB2AHB/AHB2AHBtop.v Line: 69
Warning (10236): Verilog HDL Implicit Net warning at AHB2AHBtop.v(70): created implicit net for "Gm" File: C:/Users/wi199/OneDrive/Documentos/quartus tfg/AHB2AHB/AHB2AHBtop.v Line: 70
Warning (10236): Verilog HDL Implicit Net warning at AHB2AHBtop.v(75): created implicit net for "As1" File: C:/Users/wi199/OneDrive/Documentos/quartus tfg/AHB2AHB/AHB2AHBtop.v Line: 75
Warning (10236): Verilog HDL Implicit Net warning at AHB2AHBtop.v(76): created implicit net for "Bs1" File: C:/Users/wi199/OneDrive/Documentos/quartus tfg/AHB2AHB/AHB2AHBtop.v Line: 76
Warning (10236): Verilog HDL Implicit Net warning at AHB2AHBtop.v(77): created implicit net for "Cs1" File: C:/Users/wi199/OneDrive/Documentos/quartus tfg/AHB2AHB/AHB2AHBtop.v Line: 77
Warning (10236): Verilog HDL Implicit Net warning at AHB2AHBtop.v(78): created implicit net for "Ds1" File: C:/Users/wi199/OneDrive/Documentos/quartus tfg/AHB2AHB/AHB2AHBtop.v Line: 78
Warning (10236): Verilog HDL Implicit Net warning at AHB2AHBtop.v(79): created implicit net for "Es1" File: C:/Users/wi199/OneDrive/Documentos/quartus tfg/AHB2AHB/AHB2AHBtop.v Line: 79
Warning (10236): Verilog HDL Implicit Net warning at AHB2AHBtop.v(80): created implicit net for "Fs1" File: C:/Users/wi199/OneDrive/Documentos/quartus tfg/AHB2AHB/AHB2AHBtop.v Line: 80
Warning (10236): Verilog HDL Implicit Net warning at AHB2AHBtop.v(81): created implicit net for "Gs1" File: C:/Users/wi199/OneDrive/Documentos/quartus tfg/AHB2AHB/AHB2AHBtop.v Line: 81
Warning (10236): Verilog HDL Implicit Net warning at AHB2AHBtop.v(86): created implicit net for "As2" File: C:/Users/wi199/OneDrive/Documentos/quartus tfg/AHB2AHB/AHB2AHBtop.v Line: 86
Warning (10236): Verilog HDL Implicit Net warning at AHB2AHBtop.v(87): created implicit net for "Bs2" File: C:/Users/wi199/OneDrive/Documentos/quartus tfg/AHB2AHB/AHB2AHBtop.v Line: 87
Warning (10236): Verilog HDL Implicit Net warning at AHB2AHBtop.v(88): created implicit net for "Cs2" File: C:/Users/wi199/OneDrive/Documentos/quartus tfg/AHB2AHB/AHB2AHBtop.v Line: 88
Warning (10236): Verilog HDL Implicit Net warning at AHB2AHBtop.v(89): created implicit net for "Ds2" File: C:/Users/wi199/OneDrive/Documentos/quartus tfg/AHB2AHB/AHB2AHBtop.v Line: 89
Warning (10236): Verilog HDL Implicit Net warning at AHB2AHBtop.v(90): created implicit net for "Es2" File: C:/Users/wi199/OneDrive/Documentos/quartus tfg/AHB2AHB/AHB2AHBtop.v Line: 90
Warning (10236): Verilog HDL Implicit Net warning at AHB2AHBtop.v(91): created implicit net for "Fs2" File: C:/Users/wi199/OneDrive/Documentos/quartus tfg/AHB2AHB/AHB2AHBtop.v Line: 91
Warning (10236): Verilog HDL Implicit Net warning at AHB2AHBtop.v(92): created implicit net for "Gs2" File: C:/Users/wi199/OneDrive/Documentos/quartus tfg/AHB2AHB/AHB2AHBtop.v Line: 92
Info (12127): Elaborating entity "AHB2AHBtop" for the top level hierarchy
Info (12128): Elaborating entity "idecoder" for hierarchy "idecoder:U1" File: C:/Users/wi199/OneDrive/Documentos/quartus tfg/AHB2AHB/AHB2AHBtop.v Line: 37
Warning (10230): Verilog HDL assignment warning at idecoder.v(22): truncated value with size 32 to match size of target (10) File: C:/Users/wi199/OneDrive/Documentos/quartus tfg/AHB2AHB/instructiondecoder/idecoder.v Line: 22
Info (12128): Elaborating entity "instructionmemory" for hierarchy "idecoder:U1|instructionmemory:U1" File: C:/Users/wi199/OneDrive/Documentos/quartus tfg/AHB2AHB/instructiondecoder/idecoder.v Line: 14
Warning (10030): Net "memoria.data_a" at instructionmemory.v(7) has no driver or initial value, using a default initial value '0' File: C:/Users/wi199/OneDrive/Documentos/quartus tfg/AHB2AHB/instructiondecoder/instructionmemory.v Line: 7
Warning (10030): Net "memoria.waddr_a" at instructionmemory.v(7) has no driver or initial value, using a default initial value '0' File: C:/Users/wi199/OneDrive/Documentos/quartus tfg/AHB2AHB/instructiondecoder/instructionmemory.v Line: 7
Warning (10030): Net "memoria.we_a" at instructionmemory.v(7) has no driver or initial value, using a default initial value '0' File: C:/Users/wi199/OneDrive/Documentos/quartus tfg/AHB2AHB/instructiondecoder/instructionmemory.v Line: 7
Info (12128): Elaborating entity "ahbtop" for hierarchy "ahbtop:U2" File: C:/Users/wi199/OneDrive/Documentos/quartus tfg/AHB2AHB/AHB2AHBtop.v Line: 55
Info (12128): Elaborating entity "ahbmaster" for hierarchy "ahbtop:U2|ahbmaster:master" File: C:/Users/wi199/OneDrive/Documentos/quartus tfg/AHB2AHB/ahb_top/ahbtop.v Line: 84
Warning (10240): Verilog HDL Always Construct warning at ahbmaster.v(83): inferring latch(es) for variable "hsize", which holds its previous value in one or more paths through the always construct File: C:/Users/wi199/OneDrive/Documentos/quartus tfg/AHB2AHB/ahb_top/ahbmaster.v Line: 83
Warning (10240): Verilog HDL Always Construct warning at ahbmaster.v(83): inferring latch(es) for variable "hprot", which holds its previous value in one or more paths through the always construct File: C:/Users/wi199/OneDrive/Documentos/quartus tfg/AHB2AHB/ahb_top/ahbmaster.v Line: 83
Warning (10240): Verilog HDL Always Construct warning at ahbmaster.v(83): inferring latch(es) for variable "hmastlock", which holds its previous value in one or more paths through the always construct File: C:/Users/wi199/OneDrive/Documentos/quartus tfg/AHB2AHB/ahb_top/ahbmaster.v Line: 83
Info (10041): Inferred latch for "hmastlock" at ahbmaster.v(83) File: C:/Users/wi199/OneDrive/Documentos/quartus tfg/AHB2AHB/ahb_top/ahbmaster.v Line: 83
Info (10041): Inferred latch for "hprot[0]" at ahbmaster.v(83) File: C:/Users/wi199/OneDrive/Documentos/quartus tfg/AHB2AHB/ahb_top/ahbmaster.v Line: 83
Info (10041): Inferred latch for "hprot[1]" at ahbmaster.v(83) File: C:/Users/wi199/OneDrive/Documentos/quartus tfg/AHB2AHB/ahb_top/ahbmaster.v Line: 83
Info (10041): Inferred latch for "hprot[2]" at ahbmaster.v(83) File: C:/Users/wi199/OneDrive/Documentos/quartus tfg/AHB2AHB/ahb_top/ahbmaster.v Line: 83
Info (10041): Inferred latch for "hprot[3]" at ahbmaster.v(83) File: C:/Users/wi199/OneDrive/Documentos/quartus tfg/AHB2AHB/ahb_top/ahbmaster.v Line: 83
Info (10041): Inferred latch for "hsize[0]" at ahbmaster.v(83) File: C:/Users/wi199/OneDrive/Documentos/quartus tfg/AHB2AHB/ahb_top/ahbmaster.v Line: 83
Info (10041): Inferred latch for "hsize[1]" at ahbmaster.v(83) File: C:/Users/wi199/OneDrive/Documentos/quartus tfg/AHB2AHB/ahb_top/ahbmaster.v Line: 83
Info (10041): Inferred latch for "hsize[2]" at ahbmaster.v(83) File: C:/Users/wi199/OneDrive/Documentos/quartus tfg/AHB2AHB/ahb_top/ahbmaster.v Line: 83
Info (12128): Elaborating entity "decoder" for hierarchy "ahbtop:U2|decoder:deco" File: C:/Users/wi199/OneDrive/Documentos/quartus tfg/AHB2AHB/ahb_top/ahbtop.v Line: 91
Info (12128): Elaborating entity "ahbslave" for hierarchy "ahbtop:U2|ahbslave:slave1" File: C:/Users/wi199/OneDrive/Documentos/quartus tfg/AHB2AHB/ahb_top/ahbtop.v Line: 112
Warning (10036): Verilog HDL or VHDL warning at ahbslave.v(46): object "estadoslave" assigned a value but never read File: C:/Users/wi199/OneDrive/Documentos/quartus tfg/AHB2AHB/ahb_top/ahbslave.v Line: 46
Warning (10036): Verilog HDL or VHDL warning at ahbslave.v(58): object "start0" assigned a value but never read File: C:/Users/wi199/OneDrive/Documentos/quartus tfg/AHB2AHB/ahb_top/ahbslave.v Line: 58
Warning (10036): Verilog HDL or VHDL warning at ahbslave.v(58): object "start1" assigned a value but never read File: C:/Users/wi199/OneDrive/Documentos/quartus tfg/AHB2AHB/ahb_top/ahbslave.v Line: 58
Warning (10036): Verilog HDL or VHDL warning at ahbslave.v(59): object "count" assigned a value but never read File: C:/Users/wi199/OneDrive/Documentos/quartus tfg/AHB2AHB/ahb_top/ahbslave.v Line: 59
Warning (10230): Verilog HDL assignment warning at ahbslave.v(46): truncated value with size 2 to match size of target (1) File: C:/Users/wi199/OneDrive/Documentos/quartus tfg/AHB2AHB/ahb_top/ahbslave.v Line: 46
Warning (10230): Verilog HDL assignment warning at ahbslave.v(60): truncated value with size 10 to match size of target (8) File: C:/Users/wi199/OneDrive/Documentos/quartus tfg/AHB2AHB/ahb_top/ahbslave.v Line: 60
Warning (10240): Verilog HDL Always Construct warning at ahbslave.v(77): inferring latch(es) for variable "single_flag", which holds its previous value in one or more paths through the always construct File: C:/Users/wi199/OneDrive/Documentos/quartus tfg/AHB2AHB/ahb_top/ahbslave.v Line: 77
Warning (10240): Verilog HDL Always Construct warning at ahbslave.v(77): inferring latch(es) for variable "incr_flag", which holds its previous value in one or more paths through the always construct File: C:/Users/wi199/OneDrive/Documentos/quartus tfg/AHB2AHB/ahb_top/ahbslave.v Line: 77
Warning (10240): Verilog HDL Always Construct warning at ahbslave.v(77): inferring latch(es) for variable "wrap4_flag", which holds its previous value in one or more paths through the always construct File: C:/Users/wi199/OneDrive/Documentos/quartus tfg/AHB2AHB/ahb_top/ahbslave.v Line: 77
Warning (10240): Verilog HDL Always Construct warning at ahbslave.v(77): inferring latch(es) for variable "incr4_flag", which holds its previous value in one or more paths through the always construct File: C:/Users/wi199/OneDrive/Documentos/quartus tfg/AHB2AHB/ahb_top/ahbslave.v Line: 77
Warning (10240): Verilog HDL Always Construct warning at ahbslave.v(77): inferring latch(es) for variable "wrap8_flag", which holds its previous value in one or more paths through the always construct File: C:/Users/wi199/OneDrive/Documentos/quartus tfg/AHB2AHB/ahb_top/ahbslave.v Line: 77
Warning (10240): Verilog HDL Always Construct warning at ahbslave.v(77): inferring latch(es) for variable "incr8_flag", which holds its previous value in one or more paths through the always construct File: C:/Users/wi199/OneDrive/Documentos/quartus tfg/AHB2AHB/ahb_top/ahbslave.v Line: 77
Warning (10240): Verilog HDL Always Construct warning at ahbslave.v(77): inferring latch(es) for variable "wrap16_flag", which holds its previous value in one or more paths through the always construct File: C:/Users/wi199/OneDrive/Documentos/quartus tfg/AHB2AHB/ahb_top/ahbslave.v Line: 77
Warning (10240): Verilog HDL Always Construct warning at ahbslave.v(77): inferring latch(es) for variable "incr16_flag", which holds its previous value in one or more paths through the always construct File: C:/Users/wi199/OneDrive/Documentos/quartus tfg/AHB2AHB/ahb_top/ahbslave.v Line: 77
Warning (10230): Verilog HDL assignment warning at ahbslave.v(371): truncated value with size 32 to match size of target (10) File: C:/Users/wi199/OneDrive/Documentos/quartus tfg/AHB2AHB/ahb_top/ahbslave.v Line: 371
Info (10264): Verilog HDL Case Statement information at ahbslave.v(354): all case item expressions in this case statement are onehot File: C:/Users/wi199/OneDrive/Documentos/quartus tfg/AHB2AHB/ahb_top/ahbslave.v Line: 354
Info (10264): Verilog HDL Case Statement information at ahbslave.v(443): all case item expressions in this case statement are onehot File: C:/Users/wi199/OneDrive/Documentos/quartus tfg/AHB2AHB/ahb_top/ahbslave.v Line: 443
Info (10041): Inferred latch for "incr16_flag" at ahbslave.v(77) File: C:/Users/wi199/OneDrive/Documentos/quartus tfg/AHB2AHB/ahb_top/ahbslave.v Line: 77
Info (10041): Inferred latch for "wrap16_flag" at ahbslave.v(77) File: C:/Users/wi199/OneDrive/Documentos/quartus tfg/AHB2AHB/ahb_top/ahbslave.v Line: 77
Info (10041): Inferred latch for "incr8_flag" at ahbslave.v(77) File: C:/Users/wi199/OneDrive/Documentos/quartus tfg/AHB2AHB/ahb_top/ahbslave.v Line: 77
Info (10041): Inferred latch for "wrap8_flag" at ahbslave.v(77) File: C:/Users/wi199/OneDrive/Documentos/quartus tfg/AHB2AHB/ahb_top/ahbslave.v Line: 77
Info (10041): Inferred latch for "incr4_flag" at ahbslave.v(77) File: C:/Users/wi199/OneDrive/Documentos/quartus tfg/AHB2AHB/ahb_top/ahbslave.v Line: 77
Info (10041): Inferred latch for "wrap4_flag" at ahbslave.v(77) File: C:/Users/wi199/OneDrive/Documentos/quartus tfg/AHB2AHB/ahb_top/ahbslave.v Line: 77
Info (10041): Inferred latch for "incr_flag" at ahbslave.v(77) File: C:/Users/wi199/OneDrive/Documentos/quartus tfg/AHB2AHB/ahb_top/ahbslave.v Line: 77
Info (10041): Inferred latch for "single_flag" at ahbslave.v(77) File: C:/Users/wi199/OneDrive/Documentos/quartus tfg/AHB2AHB/ahb_top/ahbslave.v Line: 77
Info (12128): Elaborating entity "multiplexor" for hierarchy "ahbtop:U2|multiplexor:multip" File: C:/Users/wi199/OneDrive/Documentos/quartus tfg/AHB2AHB/ahb_top/ahbtop.v Line: 147
Info (12128): Elaborating entity "displaydecoder" for hierarchy "displaydecoder:U6" File: C:/Users/wi199/OneDrive/Documentos/quartus tfg/AHB2AHB/AHB2AHBtop.v Line: 71
Warning (19016): Clock multiplexers are found and protected
    Warning (19017): Found clock multiplexer ahbtop:U2|multiplexor:multip|hreadyout File: C:/Users/wi199/OneDrive/Documentos/quartus tfg/AHB2AHB/ahb_top/multiplexor.v Line: 17
Warning (127007): Memory Initialization File or Hexadecimal (Intel-Format) File "C:/Users/wi199/OneDrive/Documentos/quartus tfg/AHB2AHB/db/AHB2AHBtop.ram0_instructionmemory_56655cf4.hdl.mif" contains "don't care" values -- overwriting them with 0s
Warning (276020): Inferred RAM node "ahbtop:U2|ahbslave:slave1|mem_rtl_0" from synchronous design logic.  Pass-through logic has been added to match the read-during-write behavior of the original design.
Warning (276020): Inferred RAM node "ahbtop:U2|ahbslave:slave2|mem_rtl_0" from synchronous design logic.  Pass-through logic has been added to match the read-during-write behavior of the original design.
Info (276014): Found 1 instances of uninferred RAM logic
    Info (276013): RAM logic "idecoder:U1|instructionmemory:U1|memoria" is uninferred because MIF is not supported for the selected family File: C:/Users/wi199/OneDrive/Documentos/quartus tfg/AHB2AHB/instructiondecoder/instructionmemory.v Line: 7
Warning (127007): Memory Initialization File or Hexadecimal (Intel-Format) File "C:/Users/wi199/OneDrive/Documentos/quartus tfg/AHB2AHB/db/AHB2AHBtop.ram0_instructionmemory_56655cf4.hdl.mif" contains "don't care" values -- overwriting them with 0s
Warning (19016): Clock multiplexers are found and protected
    Warning (19017): Found clock multiplexer idecoder:U1|instructionmemory:U1|memoria~0 File: C:/Users/wi199/OneDrive/Documentos/quartus tfg/AHB2AHB/instructiondecoder/instructionmemory.v Line: 7
Info (19000): Inferred 2 megafunctions from design logic
    Info (276029): Inferred altsyncram megafunction from the following design logic: "ahbtop:U2|ahbslave:slave1|mem_rtl_0" 
        Info (286033): Parameter OPERATION_MODE set to DUAL_PORT
        Info (286033): Parameter WIDTH_A set to 8
        Info (286033): Parameter WIDTHAD_A set to 4
        Info (286033): Parameter NUMWORDS_A set to 10
        Info (286033): Parameter WIDTH_B set to 8
        Info (286033): Parameter WIDTHAD_B set to 4
        Info (286033): Parameter NUMWORDS_B set to 10
        Info (286033): Parameter ADDRESS_ACLR_A set to NONE
        Info (286033): Parameter OUTDATA_REG_B set to UNREGISTERED
        Info (286033): Parameter ADDRESS_ACLR_B set to NONE
        Info (286033): Parameter OUTDATA_ACLR_B set to NONE
        Info (286033): Parameter ADDRESS_REG_B set to CLOCK0
        Info (286033): Parameter INDATA_ACLR_A set to NONE
        Info (286033): Parameter WRCONTROL_ACLR_A set to NONE
        Info (286033): Parameter READ_DURING_WRITE_MODE_MIXED_PORTS set to OLD_DATA
    Info (276029): Inferred altsyncram megafunction from the following design logic: "ahbtop:U2|ahbslave:slave2|mem_rtl_0" 
        Info (286033): Parameter OPERATION_MODE set to DUAL_PORT
        Info (286033): Parameter WIDTH_A set to 8
        Info (286033): Parameter WIDTHAD_A set to 4
        Info (286033): Parameter NUMWORDS_A set to 10
        Info (286033): Parameter WIDTH_B set to 8
        Info (286033): Parameter WIDTHAD_B set to 4
        Info (286033): Parameter NUMWORDS_B set to 10
        Info (286033): Parameter ADDRESS_ACLR_A set to NONE
        Info (286033): Parameter OUTDATA_REG_B set to UNREGISTERED
        Info (286033): Parameter ADDRESS_ACLR_B set to NONE
        Info (286033): Parameter OUTDATA_ACLR_B set to NONE
        Info (286033): Parameter ADDRESS_REG_B set to CLOCK0
        Info (286033): Parameter INDATA_ACLR_A set to NONE
        Info (286033): Parameter WRCONTROL_ACLR_A set to NONE
        Info (286033): Parameter READ_DURING_WRITE_MODE_MIXED_PORTS set to OLD_DATA
Info (12130): Elaborated megafunction instantiation "ahbtop:U2|ahbslave:slave1|altsyncram:mem_rtl_0"
Info (12133): Instantiated megafunction "ahbtop:U2|ahbslave:slave1|altsyncram:mem_rtl_0" with the following parameter:
    Info (12134): Parameter "OPERATION_MODE" = "DUAL_PORT"
    Info (12134): Parameter "WIDTH_A" = "8"
    Info (12134): Parameter "WIDTHAD_A" = "4"
    Info (12134): Parameter "NUMWORDS_A" = "10"
    Info (12134): Parameter "WIDTH_B" = "8"
    Info (12134): Parameter "WIDTHAD_B" = "4"
    Info (12134): Parameter "NUMWORDS_B" = "10"
    Info (12134): Parameter "ADDRESS_ACLR_A" = "NONE"
    Info (12134): Parameter "OUTDATA_REG_B" = "UNREGISTERED"
    Info (12134): Parameter "ADDRESS_ACLR_B" = "NONE"
    Info (12134): Parameter "OUTDATA_ACLR_B" = "NONE"
    Info (12134): Parameter "ADDRESS_REG_B" = "CLOCK0"
    Info (12134): Parameter "INDATA_ACLR_A" = "NONE"
    Info (12134): Parameter "WRCONTROL_ACLR_A" = "NONE"
    Info (12134): Parameter "READ_DURING_WRITE_MODE_MIXED_PORTS" = "OLD_DATA"
Info (12021): Found 1 design units, including 1 entities, in source file db/altsyncram_04g1.tdf
    Info (12023): Found entity 1: altsyncram_04g1 File: C:/Users/wi199/OneDrive/Documentos/quartus tfg/AHB2AHB/db/altsyncram_04g1.tdf Line: 27
Warning (12241): 1 hierarchies have connectivity warnings - see the Connectivity Checks report folder
Warning (13024): Output pins are stuck at VCC or GND
    Warning (13410): Pin "data[5]" is stuck at GND File: C:/Users/wi199/OneDrive/Documentos/quartus tfg/AHB2AHB/AHB2AHBtop.v Line: 5
    Warning (13410): Pin "data[6]" is stuck at GND File: C:/Users/wi199/OneDrive/Documentos/quartus tfg/AHB2AHB/AHB2AHBtop.v Line: 5
    Warning (13410): Pin "data[7]" is stuck at GND File: C:/Users/wi199/OneDrive/Documentos/quartus tfg/AHB2AHB/AHB2AHBtop.v Line: 5
    Warning (13410): Pin "address[4]" is stuck at GND File: C:/Users/wi199/OneDrive/Documentos/quartus tfg/AHB2AHB/AHB2AHBtop.v Line: 6
    Warning (13410): Pin "address[5]" is stuck at GND File: C:/Users/wi199/OneDrive/Documentos/quartus tfg/AHB2AHB/AHB2AHBtop.v Line: 6
    Warning (13410): Pin "address[6]" is stuck at GND File: C:/Users/wi199/OneDrive/Documentos/quartus tfg/AHB2AHB/AHB2AHBtop.v Line: 6
    Warning (13410): Pin "address[7]" is stuck at GND File: C:/Users/wi199/OneDrive/Documentos/quartus tfg/AHB2AHB/AHB2AHBtop.v Line: 6
    Warning (13410): Pin "address[8]" is stuck at GND File: C:/Users/wi199/OneDrive/Documentos/quartus tfg/AHB2AHB/AHB2AHBtop.v Line: 6
    Warning (13410): Pin "address[9]" is stuck at GND File: C:/Users/wi199/OneDrive/Documentos/quartus tfg/AHB2AHB/AHB2AHBtop.v Line: 6
    Warning (13410): Pin "memos0[0]" is stuck at GND File: C:/Users/wi199/OneDrive/Documentos/quartus tfg/AHB2AHB/AHB2AHBtop.v Line: 11
    Warning (13410): Pin "memos0[1]" is stuck at GND File: C:/Users/wi199/OneDrive/Documentos/quartus tfg/AHB2AHB/AHB2AHBtop.v Line: 11
    Warning (13410): Pin "memos0[2]" is stuck at GND File: C:/Users/wi199/OneDrive/Documentos/quartus tfg/AHB2AHB/AHB2AHBtop.v Line: 11
    Warning (13410): Pin "memos0[3]" is stuck at GND File: C:/Users/wi199/OneDrive/Documentos/quartus tfg/AHB2AHB/AHB2AHBtop.v Line: 11
    Warning (13410): Pin "memos0[4]" is stuck at GND File: C:/Users/wi199/OneDrive/Documentos/quartus tfg/AHB2AHB/AHB2AHBtop.v Line: 11
    Warning (13410): Pin "memos0[5]" is stuck at GND File: C:/Users/wi199/OneDrive/Documentos/quartus tfg/AHB2AHB/AHB2AHBtop.v Line: 11
    Warning (13410): Pin "memos0[6]" is stuck at GND File: C:/Users/wi199/OneDrive/Documentos/quartus tfg/AHB2AHB/AHB2AHBtop.v Line: 11
    Warning (13410): Pin "memos0[7]" is stuck at GND File: C:/Users/wi199/OneDrive/Documentos/quartus tfg/AHB2AHB/AHB2AHBtop.v Line: 11
    Warning (13410): Pin "memos1[0]" is stuck at GND File: C:/Users/wi199/OneDrive/Documentos/quartus tfg/AHB2AHB/AHB2AHBtop.v Line: 13
    Warning (13410): Pin "memos1[1]" is stuck at GND File: C:/Users/wi199/OneDrive/Documentos/quartus tfg/AHB2AHB/AHB2AHBtop.v Line: 13
    Warning (13410): Pin "memos1[2]" is stuck at GND File: C:/Users/wi199/OneDrive/Documentos/quartus tfg/AHB2AHB/AHB2AHBtop.v Line: 13
    Warning (13410): Pin "memos1[3]" is stuck at GND File: C:/Users/wi199/OneDrive/Documentos/quartus tfg/AHB2AHB/AHB2AHBtop.v Line: 13
    Warning (13410): Pin "memos1[4]" is stuck at GND File: C:/Users/wi199/OneDrive/Documentos/quartus tfg/AHB2AHB/AHB2AHBtop.v Line: 13
    Warning (13410): Pin "memos1[5]" is stuck at GND File: C:/Users/wi199/OneDrive/Documentos/quartus tfg/AHB2AHB/AHB2AHBtop.v Line: 13
    Warning (13410): Pin "memos1[6]" is stuck at GND File: C:/Users/wi199/OneDrive/Documentos/quartus tfg/AHB2AHB/AHB2AHBtop.v Line: 13
Info (286030): Timing-Driven Synthesis is running
Info (17049): 9 registers lost all their fanouts during netlist optimizations.
Info (144001): Generated suppressed messages file C:/Users/wi199/OneDrive/Documentos/quartus tfg/AHB2AHB/output_files/AHB2AHBtop.map.smsg
Info (16010): Generating hard_block partition "hard_block:auto_generated_inst"
    Info (16011): Adding 0 node(s), including 0 DDIO, 0 PLL, 0 transceiver and 0 LCELL
Info (21057): Implemented 264 device resources after synthesis - the final resource count might be different
    Info (21058): Implemented 2 input pins
    Info (21059): Implemented 53 output pins
    Info (21061): Implemented 193 logic cells
    Info (21064): Implemented 16 RAM segments
Info: Quartus Prime Analysis & Synthesis was successful. 0 errors, 82 warnings
    Info: Peak virtual memory: 4829 megabytes
    Info: Processing ended: Wed May 29 09:57:37 2024
    Info: Elapsed time: 00:00:08
    Info: Total CPU time (on all processors): 00:00:06


+------------------------------------------+
; Analysis & Synthesis Suppressed Messages ;
+------------------------------------------+
The suppressed messages can be found in C:/Users/wi199/OneDrive/Documentos/quartus tfg/AHB2AHB/output_files/AHB2AHBtop.map.smsg.


